<?xml version="1.0" encoding="UTF-8"?>
<coverage generated="1647640115521" clover="3.2.0">
  <project timestamp="1647640115521" name="All files">
    <metrics statements="9" coveredstatements="8" conditionals="0" coveredconditionals="0" methods="5" coveredmethods="4" elements="14" coveredelements="12" complexity="0" loc="9" ncloc="9" packages="1" files="2" classes="2"/>
    <file name="testModule.js" path="D:\vue-testing-debugging\src\testModule.js">
      <metrics statements="2" coveredstatements="1" conditionals="0" coveredconditionals="0" methods="1" coveredmethods="0"/>
      <line num="2" count="0" type="stmt"/>
      <line num="5" count="1" type="stmt"/>
    </file>
    <file name="utilities.js" path="D:\vue-testing-debugging\src\utilities.js">
      <metrics statements="7" coveredstatements="7" conditionals="0" coveredconditionals="0" methods="4" coveredmethods="4"/>
      <line num="2" count="6" type="stmt"/>
      <line num="5" count="4" type="stmt"/>
      <line num="14" count="1" type="stmt"/>
      <line num="15" count="1" type="stmt"/>
      <line num="16" count="1" type="stmt"/>
      <line num="21" count="4" type="stmt"/>
      <line num="28" count="4" type="stmt"/>
    </file>
  </project>
</coverage>
