{"D:\\vue-testing-debugging\\src\\views\\HomeView.vue": {"path":"D:\\vue-testing-debugging\\src\\views\\HomeView.vue","statementMap":{"0":{"start":{"line":55,"column":15},"end":{"line":55,"column":null}},"1":{"start":{"line":62,"column":6},"end":{"line":62,"column":11}}},"fnMap":{"0":{"name":"(anonymous_0)","decl":{"start":{"line":61,"column":4},"end":{"line":61,"column":9}},"loc":{"start":{"line":61,"column":13},"end":{"line":63,"column":null}}}},"branchMap":{},"s":{"0":1,"1":0},"f":{"0":0},"b":{}}
}
